<?xml version="1.0" encoding="UTF-8"?>
<!-- Generated by org.testng.reporters.JUnitXMLReporter -->
<testsuite hostname="LAPTOP-US0OO9FE" ignored="0" name="Test" tests="3" failures="0" timestamp="09 May 2020 08:19:10 GMT" time="26.309" errors="0">
  <testcase name="Test1" time="1.481" classname="com.Muntasirlab.demoProject.TestClass"/>
  <testcase name="Test2" time="1.418" classname="com.Muntasirlab.demoProject.TestClass"/>
  <testcase name="Test3" time="3.929" classname="com.Muntasirlab.demoProject.TestClass"/>
</testsuite> <!-- Test -->
