<?xml version="1.0" encoding="UTF-8"?>
<testng-results skipped="0" failed="0" ignored="0" total="3" passed="3">
  <reporter-output>
  </reporter-output>
  <suite name="Suite" duration-ms="26309" started-at="2020-05-09T08:18:44Z" finished-at="2020-05-09T08:19:10Z">
    <groups>
    </groups>
    <test name="Test" duration-ms="26309" started-at="2020-05-09T08:18:44Z" finished-at="2020-05-09T08:19:10Z">
      <class name="com.Muntasirlab.demoProject.TestClass">
        <test-method status="PASS" signature="launchDriver()[pri:0, instance:com.Muntasirlab.demoProject.TestClass@5cee5251]" name="launchDriver" is-config="true" duration-ms="5949" started-at="2020-05-09T08:18:44Z" finished-at="2020-05-09T08:18:50Z">
          <reporter-output>
          </reporter-output>
        </test-method> <!-- launchDriver -->
        <test-method status="PASS" signature="Test1()[pri:0, instance:com.Muntasirlab.demoProject.TestClass@5cee5251]" name="Test1" duration-ms="1481" started-at="2020-05-09T08:18:50Z" finished-at="2020-05-09T08:18:51Z">
          <reporter-output>
          </reporter-output>
        </test-method> <!-- Test1 -->
        <test-method status="PASS" signature="quit()[pri:0, instance:com.Muntasirlab.demoProject.TestClass@5cee5251]" name="quit" is-config="true" duration-ms="996" started-at="2020-05-09T08:18:51Z" finished-at="2020-05-09T08:18:52Z">
          <reporter-output>
          </reporter-output>
        </test-method> <!-- quit -->
        <test-method status="PASS" signature="launchDriver()[pri:0, instance:com.Muntasirlab.demoProject.TestClass@5cee5251]" name="launchDriver" is-config="true" duration-ms="5355" started-at="2020-05-09T08:18:52Z" finished-at="2020-05-09T08:18:57Z">
          <reporter-output>
          </reporter-output>
        </test-method> <!-- launchDriver -->
        <test-method status="PASS" signature="Test2()[pri:0, instance:com.Muntasirlab.demoProject.TestClass@5cee5251]" name="Test2" duration-ms="1418" started-at="2020-05-09T08:18:57Z" finished-at="2020-05-09T08:18:59Z">
          <reporter-output>
          </reporter-output>
        </test-method> <!-- Test2 -->
        <test-method status="PASS" signature="quit()[pri:0, instance:com.Muntasirlab.demoProject.TestClass@5cee5251]" name="quit" is-config="true" duration-ms="838" started-at="2020-05-09T08:18:59Z" finished-at="2020-05-09T08:19:00Z">
          <reporter-output>
          </reporter-output>
        </test-method> <!-- quit -->
        <test-method status="PASS" signature="launchDriver()[pri:0, instance:com.Muntasirlab.demoProject.TestClass@5cee5251]" name="launchDriver" is-config="true" duration-ms="5428" started-at="2020-05-09T08:19:00Z" finished-at="2020-05-09T08:19:05Z">
          <reporter-output>
          </reporter-output>
        </test-method> <!-- launchDriver -->
        <test-method status="PASS" signature="Test3()[pri:0, instance:com.Muntasirlab.demoProject.TestClass@5cee5251]" name="Test3" duration-ms="3929" started-at="2020-05-09T08:19:05Z" finished-at="2020-05-09T08:19:09Z">
          <reporter-output>
          </reporter-output>
        </test-method> <!-- Test3 -->
        <test-method status="PASS" signature="quit()[pri:0, instance:com.Muntasirlab.demoProject.TestClass@5cee5251]" name="quit" is-config="true" duration-ms="888" started-at="2020-05-09T08:19:09Z" finished-at="2020-05-09T08:19:10Z">
          <reporter-output>
          </reporter-output>
        </test-method> <!-- quit -->
      </class> <!-- com.Muntasirlab.demoProject.TestClass -->
    </test> <!-- Test -->
  </suite> <!-- Suite -->
</testng-results>
