<?xml version="1.0" encoding="UTF-8"?>
<testsuite xmlns:xsi="http://www.w3.org/2001/XMLSchema-instance" xsi:noNamespaceSchemaLocation="https://maven.apache.org/surefire/maven-surefire-plugin/xsd/surefire-test-report.xsd" name="TestSuite" time="28.591" tests="3" errors="0" skipped="0" failures="0">
  <properties>
[...]
</properties>
  <testcase name="Test1" classname="com.Muntasirlab.demoProject.TestClass" time="1.481"/>
  <testcase name="Test2" classname="com.Muntasirlab.demoProject.TestClass" time="1.418"/>
  <testcase name="Test3" classname="com.Muntasirlab.demoProject.TestClass" time="3.928"/>
</testsuite>