<?xml version="1.0" encoding="UTF-8"?>
<testng-results skipped="0" failed="0" ignored="0" total="3" passed="3">
  <reporter-output>
  </reporter-output>
  <suite name="Suite" duration-ms="24052" started-at="2020-05-09T13:35:51 IST" finished-at="2020-05-09T13:36:15 IST">
    <groups>
    </groups>
    <test name="Test" duration-ms="24052" started-at="2020-05-09T13:35:51 IST" finished-at="2020-05-09T13:36:15 IST">
      <class name="com.Muntasirlab.demoProject.TestClass">
        <test-method status="PASS" signature="launchDriver()[pri:0, instance:com.Muntasirlab.demoProject.TestClass@17695df3]" name="launchDriver" is-config="true" duration-ms="6230" started-at="2020-05-09T13:35:51 IST" finished-at="2020-05-09T13:35:57 IST">
          <reporter-output>
          </reporter-output>
        </test-method> <!-- launchDriver -->
        <test-method status="PASS" signature="Test1()[pri:0, instance:com.Muntasirlab.demoProject.TestClass@17695df3]" name="Test1" duration-ms="1390" started-at="2020-05-09T13:35:57 IST" finished-at="2020-05-09T13:35:59 IST">
          <reporter-output>
          </reporter-output>
        </test-method> <!-- Test1 -->
        <test-method status="PASS" signature="quit()[pri:0, instance:com.Muntasirlab.demoProject.TestClass@17695df3]" name="quit" is-config="true" duration-ms="1108" started-at="2020-05-09T13:35:59 IST" finished-at="2020-05-09T13:36:00 IST">
          <reporter-output>
          </reporter-output>
        </test-method> <!-- quit -->
        <test-method status="PASS" signature="launchDriver()[pri:0, instance:com.Muntasirlab.demoProject.TestClass@17695df3]" name="launchDriver" is-config="true" duration-ms="5420" started-at="2020-05-09T13:36:00 IST" finished-at="2020-05-09T13:36:05 IST">
          <reporter-output>
          </reporter-output>
        </test-method> <!-- launchDriver -->
        <test-method status="PASS" signature="Test2()[pri:0, instance:com.Muntasirlab.demoProject.TestClass@17695df3]" name="Test2" duration-ms="1239" started-at="2020-05-09T13:36:05 IST" finished-at="2020-05-09T13:36:06 IST">
          <reporter-output>
          </reporter-output>
        </test-method> <!-- Test2 -->
        <test-method status="PASS" signature="quit()[pri:0, instance:com.Muntasirlab.demoProject.TestClass@17695df3]" name="quit" is-config="true" duration-ms="925" started-at="2020-05-09T13:36:06 IST" finished-at="2020-05-09T13:36:07 IST">
          <reporter-output>
          </reporter-output>
        </test-method> <!-- quit -->
        <test-method status="PASS" signature="launchDriver()[pri:0, instance:com.Muntasirlab.demoProject.TestClass@17695df3]" name="launchDriver" is-config="true" duration-ms="5380" started-at="2020-05-09T13:36:07 IST" finished-at="2020-05-09T13:36:13 IST">
          <reporter-output>
          </reporter-output>
        </test-method> <!-- launchDriver -->
        <test-method status="PASS" signature="Test3()[pri:0, instance:com.Muntasirlab.demoProject.TestClass@17695df3]" name="Test3" duration-ms="1491" started-at="2020-05-09T13:36:13 IST" finished-at="2020-05-09T13:36:14 IST">
          <reporter-output>
          </reporter-output>
        </test-method> <!-- Test3 -->
        <test-method status="PASS" signature="quit()[pri:0, instance:com.Muntasirlab.demoProject.TestClass@17695df3]" name="quit" is-config="true" duration-ms="821" started-at="2020-05-09T13:36:14 IST" finished-at="2020-05-09T13:36:15 IST">
          <reporter-output>
          </reporter-output>
        </test-method> <!-- quit -->
      </class> <!-- com.Muntasirlab.demoProject.TestClass -->
    </test> <!-- Test -->
  </suite> <!-- Suite -->
</testng-results>
